[22:17:48] [main/INFO] (FabricLoader/GameProvider) Loading Minecraft 1.19.2 with Fabric Loader 0.15.2
[22:17:49] [main/INFO] (FabricLoader) Loading 4 mods:
	- fabricloader 0.15.2
	   \-- mixinextras 0.3.2
	- java 17
	- minecraft 1.19.2
[22:17:49] [main/INFO] (FabricLoader/Mixin) SpongePowered MIXIN Subsystem Version=0.8.5 Source=file:/C:/Users/matty/.gradle/caches/modules-2/files-2.1/net.fabricmc/sponge-mixin/0.12.4+mixin.0.8.5/e13b4069fe3555969811d4474f78576c707bbe1c/sponge-mixin-0.12.4+mixin.0.8.5.jar Service=Knot/Fabric Env=CLIENT
[22:17:49] [main/INFO] (FabricLoader/Mixin) Loaded Fabric development mappings for mixin remapper!
[22:17:53] [main/INFO] (Minecraft) Building optimized datafixer
[22:17:57] [Render thread/INFO] (Minecraft) Environment: authHost='https://authserver.mojang.com', accountsHost='https://api.mojang.com', sessionHost='https://sessionserver.mojang.com', servicesHost='https://api.minecraftservices.com', name='PROD'
[22:17:58] [Render thread/ERROR] (Minecraft) Failed to verify authentication
com.mojang.authlib.exceptions.InvalidCredentialsException: Status: 401
	at com.mojang.authlib.exceptions.MinecraftClientHttpException.toAuthenticationException(MinecraftClientHttpException.java:56) ~[authlib-3.11.49.jar:?]
	at com.mojang.authlib.yggdrasil.YggdrasilUserApiService.fetchProperties(YggdrasilUserApiService.java:155) ~[authlib-3.11.49.jar:?]
	at com.mojang.authlib.yggdrasil.YggdrasilUserApiService.<init>(YggdrasilUserApiService.java:55) ~[authlib-3.11.49.jar:?]
	at com.mojang.authlib.yggdrasil.YggdrasilAuthenticationService.createUserApiService(YggdrasilAuthenticationService.java:161) ~[authlib-3.11.49.jar:?]
	at net.minecraft.client.Minecraft.createUserApiService(Minecraft.java:711) [minecraft-merged-project-@common-1.19.2-loom.mappings.1_19_2.layered+hash.40359-v2.jar:?]
	at net.minecraft.client.Minecraft.<init>(Minecraft.java:431) [minecraft-merged-project-@common-1.19.2-loom.mappings.1_19_2.layered+hash.40359-v2.jar:?]
	at net.minecraft.client.main.Main.run(Main.java:205) [minecraft-merged-project-@common-1.19.2-loom.mappings.1_19_2.layered+hash.40359-v2.jar:?]
	at net.minecraft.client.main.Main.main(Main.java:51) [minecraft-merged-project-@common-1.19.2-loom.mappings.1_19_2.layered+hash.40359-v2.jar:?]
	at net.fabricmc.loader.impl.game.minecraft.MinecraftGameProvider.launch(MinecraftGameProvider.java:470) [fabric-loader-0.15.2.jar:?]
	at net.fabricmc.loader.impl.launch.knot.Knot.launch(Knot.java:74) [fabric-loader-0.15.2.jar:?]
	at net.fabricmc.loader.impl.launch.knot.KnotClient.main(KnotClient.java:23) [fabric-loader-0.15.2.jar:?]
	at net.fabricmc.devlaunchinjector.Main.main(Main.java:86) [dev-launch-injector-0.2.1+build.8.jar:?]
Caused by: com.mojang.authlib.exceptions.MinecraftClientHttpException: Status: 401
	at com.mojang.authlib.minecraft.client.MinecraftClient.readInputStream(MinecraftClient.java:85) ~[authlib-3.11.49.jar:?]
	at com.mojang.authlib.minecraft.client.MinecraftClient.get(MinecraftClient.java:48) ~[authlib-3.11.49.jar:?]
	at com.mojang.authlib.yggdrasil.YggdrasilUserApiService.fetchProperties(YggdrasilUserApiService.java:129) ~[authlib-3.11.49.jar:?]
	... 10 more
[22:17:58] [Render thread/INFO] (Minecraft) Setting user: Player814
[22:17:58] [Render thread/INFO] (Minecraft) Backend library: LWJGL version 3.3.1 SNAPSHOT
[22:18:01] [Worker-Main-16/ERROR] (Minecraft) Failed to retrieve profile key pair
java.io.IOException: Could not retrieve profile key pair
	at net.minecraft.client.multiplayer.ProfileKeyPairManager.fetchProfileKeyPair(ProfileKeyPairManager.java:130) ~[minecraft-merged-project-@common-1.19.2-loom.mappings.1_19_2.layered+hash.40359-v2.jar:?]
	at net.minecraft.client.multiplayer.ProfileKeyPairManager.method_44291(ProfileKeyPairManager.java:69) ~[minecraft-merged-project-@common-1.19.2-loom.mappings.1_19_2.layered+hash.40359-v2.jar:?]
	at java.util.concurrent.CompletableFuture$AsyncSupply.run(CompletableFuture.java:1768) [?:?]
	at java.util.concurrent.CompletableFuture$AsyncSupply.exec(CompletableFuture.java:1760) [?:?]
	at java.util.concurrent.ForkJoinTask.doExec(ForkJoinTask.java:373) [?:?]
	at java.util.concurrent.ForkJoinPool$WorkQueue.topLevelExec(ForkJoinPool.java:1182) [?:?]
	at java.util.concurrent.ForkJoinPool.scan(ForkJoinPool.java:1655) [?:?]
	at java.util.concurrent.ForkJoinPool.runWorker(ForkJoinPool.java:1622) [?:?]
	at java.util.concurrent.ForkJoinWorkerThread.run(ForkJoinWorkerThread.java:165) [?:?]
[22:18:01] [Render thread/INFO] (Minecraft) Reloading ResourceManager: Default
[22:18:01] [Realms Notification Availability checker #1/INFO] (Minecraft) Could not authorize you against Realms server: Invalid session id
[22:18:04] [Render thread/WARN] (Minecraft) Missing sound for event: minecraft:item.goat_horn.play
[22:18:04] [Render thread/WARN] (Minecraft) Missing sound for event: minecraft:entity.goat.screaming.horn_break
[22:18:04] [Render thread/INFO] (Minecraft) OpenAL initialized on device OpenAL Soft on LEN-22IKU-C (NVIDIA High Definition Audio)
[22:18:04] [Render thread/INFO] (Minecraft) Sound engine started
[22:18:04] [Render thread/INFO] (Minecraft) Created: 1024x1024x4 minecraft:textures/atlas/blocks.png-atlas
[22:18:04] [Render thread/INFO] (Minecraft) Created: 256x128x4 minecraft:textures/atlas/signs.png-atlas
[22:18:04] [Render thread/INFO] (Minecraft) Created: 1024x512x4 minecraft:textures/atlas/banner_patterns.png-atlas
[22:18:04] [Render thread/INFO] (Minecraft) Created: 1024x512x4 minecraft:textures/atlas/shield_patterns.png-atlas
[22:18:04] [Render thread/INFO] (Minecraft) Created: 256x256x4 minecraft:textures/atlas/chest.png-atlas
[22:18:04] [Render thread/INFO] (Minecraft) Created: 512x256x4 minecraft:textures/atlas/beds.png-atlas
[22:18:04] [Render thread/INFO] (Minecraft) Created: 512x256x4 minecraft:textures/atlas/shulker_boxes.png-atlas
[22:18:05] [Render thread/WARN] (Minecraft) Shader rendertype_entity_translucent_emissive could not find sampler named Sampler2 in the specified shader program.
[22:18:05] [Render thread/INFO] (Minecraft) Created: 512x256x0 minecraft:textures/atlas/particles.png-atlas
[22:18:05] [Render thread/INFO] (Minecraft) Created: 256x256x0 minecraft:textures/atlas/paintings.png-atlas
[22:18:05] [Render thread/INFO] (Minecraft) Created: 256x128x0 minecraft:textures/atlas/mob_effects.png-atlas
[22:18:09] [Render thread/INFO] (Minecraft) Stopping!
