[Architectury Transformer] Architectury Runtime 5.2.80
[Architectury Transformer DEBUG] Closed File Systems for C:\Users\matty\IdeaProjects\colorful-diamonds-mod\common\build\devlibs\colorful-diamonds-mod-1.0.0+1.19.2-dev.jar
[Architectury Transformer DEBUG] Preparing tiny remapper prepared transformer: dev.architectury.transformer.handler.TinyRemapperPreparedTransformerHandler
[Architectury Transformer DEBUG] Provided 118 classpath jar(s):
[Architectury Transformer DEBUG]  - C:\Users\matty\.gradle\caches\fabric-loom\1.19.2\forge\1.19.2-43.3.5\forge-client-extra.jar
[Architectury Transformer DEBUG]  - C:\Users\matty\.gradle\caches\modules-2\files-2.1\dev.architectury\architectury-injectables\1.0.10\62db2a366d662606d1b23ad02ccc3212ed37ec3\architectury-injectables-1.0.10.jar
[Architectury Transformer DEBUG]  - C:\Users\matty\.gradle\caches\modules-2\files-2.1\net.fabricmc\fabric-loader\0.15.2\c162baeb16a88d36812884f31d7c24f58a223a77\fabric-loader-0.15.2.jar
[Architectury Transformer DEBUG]  - C:\Users\matty\.gradle\caches\modules-2\files-2.1\org.jetbrains\annotations\24.0.0\69b8b443c437fdeefa8d20c18d257b94836a92b9\annotations-24.0.0.jar
[Architectury Transformer DEBUG]  - C:\Users\matty\.gradle\caches\modules-2\files-2.1\com.google.code.findbugs\jsr305\3.0.2\25ea2e8b0c338a877313bd4672d3fe056ea78f0d\jsr305-3.0.2.jar
[Architectury Transformer DEBUG]  - C:\Users\matty\.gradle\caches\modules-2\files-2.1\net.minecraftforge\javafmllanguage\1.19.2-43.3.5\55755cd045eae96aa3db8022691862f4a61d5212\javafmllanguage-1.19.2-43.3.5.jar
[Architectury Transformer DEBUG]  - C:\Users\matty\.gradle\caches\modules-2\files-2.1\net.minecraftforge\lowcodelanguage\1.19.2-43.3.5\b4af46fd18e45dd794c753c4f4c931bd2ca9b32d\lowcodelanguage-1.19.2-43.3.5.jar
[Architectury Transformer DEBUG]  - C:\Users\matty\.gradle\caches\modules-2\files-2.1\net.minecraftforge\mclanguage\1.19.2-43.3.5\e86ce0c5b6a44bd5d0025928b5c220f5abe20a37\mclanguage-1.19.2-43.3.5.jar
[Architectury Transformer DEBUG]  - C:\Users\matty\.gradle\caches\modules-2\files-2.1\net.minecraftforge\fmlcore\1.19.2-43.3.5\9ff627ecdc4d91b2e935e8f3358c97ba91ab7851\fmlcore-1.19.2-43.3.5.jar
[Architectury Transformer DEBUG]  - C:\Users\matty\.gradle\caches\fabric-loom\forge\transformed-dependencies-v1\net\minecraftforge\cb3a4659af9b707793032ab4ac48644ae9fe333dd3d33f1328972527265f3ebb\fmlloader\1.19.2-43.3.5\fmlloader-1.19.2-43.3.5.jar
[Architectury Transformer DEBUG]  - C:\Users\matty\.gradle\caches\modules-2\files-2.1\net.minecraftforge\coremods\5.0.1\386b00279628b105b2d507539c46e134e96f6237\coremods-5.0.1.jar
[Architectury Transformer DEBUG]  - C:\Users\matty\.gradle\caches\modules-2\files-2.1\net.minecraftforge\forgespi\6.0.0\4a2004591666531f8b30d3402317b1ff6411bd3e\forgespi-6.0.0.jar
[Architectury Transformer DEBUG]  - C:\Users\matty\.gradle\caches\modules-2\files-2.1\cpw.mods\bootstraplauncher\1.1.2\c546e00443d8432cda6baa1c860346980742628\bootstraplauncher-1.1.2.jar
[Architectury Transformer DEBUG]  - C:\Users\matty\.gradle\caches\modules-2\files-2.1\net.minecraftforge\accesstransformers\8.0.4\272d240aa73f42195b2a68e2ebd8b701ecf41f63\accesstransformers-8.0.4.jar
[Architectury Transformer DEBUG]  - C:\Users\matty\.gradle\caches\modules-2\files-2.1\net.minecraftforge\eventbus\6.0.3\42fe522ace1bbcbcbba9c880c42411857baf36a9\eventbus-6.0.3.jar
[Architectury Transformer DEBUG]  - C:\Users\matty\.gradle\caches\modules-2\files-2.1\cpw.mods\modlauncher\10.0.9\6d9443f56f50bb85cea383686ff9c867391458b\modlauncher-10.0.9.jar
[Architectury Transformer DEBUG]  - C:\Users\matty\.gradle\caches\modules-2\files-2.1\cpw.mods\securejarhandler\2.1.4\f47e3b9dd860a7b82154b8f90a650ffd0aaa5582\securejarhandler-2.1.4.jar
[Architectury Transformer DEBUG]  - C:\Users\matty\.gradle\caches\modules-2\files-2.1\org.openjdk.nashorn\nashorn-core\15.3\43977e804697048fc8d81d333a36c17d07a5b3dd\nashorn-core-15.3.jar
[Architectury Transformer DEBUG]  - C:\Users\matty\.gradle\caches\modules-2\files-2.1\org.ow2.asm\asm-commons\9.5\19ab5b5800a3910d30d3a3e64fdb00fd0cb42de0\asm-commons-9.5.jar
[Architectury Transformer DEBUG]  - C:\Users\matty\.gradle\caches\modules-2\files-2.1\org.ow2.asm\asm-util\9.5\64b5a1fc8c1b15ed2efd6a063e976bc8d3dc5ffe\asm-util-9.5.jar
[Architectury Transformer DEBUG]  - C:\Users\matty\.gradle\caches\modules-2\files-2.1\org.ow2.asm\asm-analysis\9.5\490bacc77de7cbc0be1a30bb3471072d705be4a4\asm-analysis-9.5.jar
[Architectury Transformer DEBUG]  - C:\Users\matty\.gradle\caches\modules-2\files-2.1\org.ow2.asm\asm-tree\9.5\fd33c8b6373abaa675be407082fdfda35021254a\asm-tree-9.5.jar
[Architectury Transformer DEBUG]  - C:\Users\matty\.gradle\caches\modules-2\files-2.1\org.ow2.asm\asm\9.5\dc6ea1875f4d64fbc85e1691c95b96a3d8569c90\asm-9.5.jar
[Architectury Transformer DEBUG]  - C:\Users\matty\.gradle\caches\modules-2\files-2.1\org.antlr\antlr4\4.9.1\e92af8ab33e428461927b484e90bb155a4f3a052\antlr4-4.9.1.jar
[Architectury Transformer DEBUG]  - C:\Users\matty\.gradle\caches\modules-2\files-2.1\org.antlr\antlr4-runtime\4.9.1\428664f05d2b7f7b7610204b5aa7c1763f62011a\antlr4-runtime-4.9.1.jar
[Architectury Transformer DEBUG]  - C:\Users\matty\.gradle\caches\modules-2\files-2.1\net.minecraftforge\unsafe\0.2.0\54d7a0a5e8fdb71b973025caa46f341ae5904f39\unsafe-0.2.0.jar
[Architectury Transformer DEBUG]  - C:\Users\matty\.gradle\caches\modules-2\files-2.1\com.electronwill.night-config\toml\3.6.4\51d6cefb2b55ee55ee26b16391212fb2c7dfb4f4\toml-3.6.4.jar
[Architectury Transformer DEBUG]  - C:\Users\matty\.gradle\caches\modules-2\files-2.1\com.electronwill.night-config\core\3.6.4\510f174abbf1c947494db50ef2445683bd52c230\core-3.6.4.jar
[Architectury Transformer DEBUG]  - C:\Users\matty\.gradle\caches\modules-2\files-2.1\net.minecraftforge\JarJarSelector\0.3.16\2a31421fb5e267249da103a644f23afb43d158af\JarJarSelector-0.3.16.jar
[Architectury Transformer DEBUG]  - C:\Users\matty\.gradle\caches\modules-2\files-2.1\net.minecraftforge\JarJarMetadata\0.3.16\f62c8c898dffc8666f5097a8587ed72095e8e83a\JarJarMetadata-0.3.16.jar
[Architectury Transformer DEBUG]  - C:\Users\matty\.gradle\caches\modules-2\files-2.1\org.apache.maven\maven-artifact\3.8.5\4433f50c07debefaed0553bd0068f4f48d449313\maven-artifact-3.8.5.jar
[Architectury Transformer DEBUG]  - C:\Users\matty\.gradle\caches\modules-2\files-2.1\net.jodah\typetools\0.8.3\98f84f353457629e81cc6827224871b1a8faa7af\typetools-0.8.3.jar
[Architectury Transformer DEBUG]  - C:\Users\matty\.gradle\caches\modules-2\files-2.1\net.minecrell\terminalconsoleappender\1.2.0\96d02cd3b384ff015a8fef4223bcb4ccf1717c95\terminalconsoleappender-1.2.0.jar
[Architectury Transformer DEBUG]  - C:\Users\matty\.gradle\caches\modules-2\files-2.1\org.jline\jline-reader\3.12.1\4382ab1382c7b6f379377ed5f665dc2f6e1218bc\jline-reader-3.12.1.jar
[Architectury Transformer DEBUG]  - C:\Users\matty\.gradle\caches\modules-2\files-2.1\org.jline\jline-terminal\3.12.1\c777448314e050d980a6b697c140f3bfe9eb7416\jline-terminal-3.12.1.jar
[Architectury Transformer DEBUG]  - C:\Users\matty\.gradle\caches\modules-2\files-2.1\dev.architectury\mixin-patched\0.8.5.10\a8cf27a2274cbb5030707cf66df222a766435a4\mixin-patched-0.8.5.10.jar
[Architectury Transformer DEBUG]  - C:\Users\matty\.gradle\caches\modules-2\files-2.1\net.minecraftforge\JarJarFileSystems\0.3.16\e52afbb2599dc7c6f779efea0496d32fc01152e3\JarJarFileSystems-0.3.16.jar
[Architectury Transformer DEBUG]  - C:\Users\matty\.gradle\caches\modules-2\files-2.1\net.sf.jopt-simple\jopt-simple\5.0.4\4fdac2fbe92dfad86aa6e9301736f6b4342a3f5c\jopt-simple-5.0.4.jar
[Architectury Transformer DEBUG]  - C:\Users\matty\.gradle\caches\modules-2\files-2.1\com.mojang\logging\1.0.0\f6ca3b2eee0b80b384e8ed93d368faecb82dfb9b\logging-1.0.0.jar
[Architectury Transformer DEBUG]  - C:\Users\matty\.gradle\caches\modules-2\files-2.1\org.apache.logging.log4j\log4j-slf4j18-impl\2.17.0\bd7f6c0b9224dd214afb4e684957e2349b529a8d\log4j-slf4j18-impl-2.17.0.jar
[Architectury Transformer DEBUG]  - C:\Users\matty\.gradle\caches\modules-2\files-2.1\org.apache.logging.log4j\log4j-core\2.17.1\779f60f3844dadc3ef597976fcb1e5127b1f343d\log4j-core-2.17.1.jar
[Architectury Transformer DEBUG]  - C:\Users\matty\.gradle\caches\modules-2\files-2.1\io.github.juuxel\unprotect\1.2.0\49cc229a0469f28fae41593a9537743ac6a951dc\unprotect-1.2.0.jar
[Architectury Transformer DEBUG]  - C:\Users\matty\.gradle\caches\modules-2\files-2.1\org.apache.logging.log4j\log4j-api\2.17.1\d771af8e336e372fb5399c99edabe0919aeaf5b2\log4j-api-2.17.1.jar
[Architectury Transformer DEBUG]  - C:\Users\matty\.gradle\caches\modules-2\files-2.1\org.codehaus.plexus\plexus-utils\3.3.0\cf43b5391de623b36fe066a21127baef82c64022\plexus-utils-3.3.0.jar
[Architectury Transformer DEBUG]  - C:\Users\matty\.gradle\caches\modules-2\files-2.1\org.apache.commons\commons-lang3\3.12.0\c6842c86792ff03b9f1d1fe2aab8dc23aa6c6f0e\commons-lang3-3.12.0.jar
[Architectury Transformer DEBUG]  - C:\Users\matty\.gradle\caches\modules-2\files-2.1\com.google.code.gson\gson\2.8.9\8a432c1d6825781e21a02db2e2c33c5fde2833b9\gson-2.8.9.jar
[Architectury Transformer DEBUG]  - C:\Users\matty\.gradle\caches\modules-2\files-2.1\com.google.guava\guava\31.0.1-jre\119ea2b2bc205b138974d351777b20f02b92704b\guava-31.0.1-jre.jar
[Architectury Transformer DEBUG]  - C:\Users\matty\.gradle\caches\modules-2\files-2.1\com.machinezoo.noexception\noexception\1.7.1\b65330c98e38a1f915fa54a6e5eca496505e3f0a\noexception-1.7.1.jar
[Architectury Transformer DEBUG]  - C:\Users\matty\.gradle\caches\modules-2\files-2.1\org.slf4j\slf4j-simple\1.7.30\e606eac955f55ecf1d8edcccba04eb8ac98088dd\slf4j-simple-1.7.30.jar
[Architectury Transformer DEBUG]  - C:\Users\matty\.gradle\caches\modules-2\files-2.1\org.slf4j\slf4j-api\1.8.0-beta4\83b0359d847ee053d745be7ec0d8e9e8a44304b4\slf4j-api-1.8.0-beta4.jar
[Architectury Transformer DEBUG]  - C:\Users\matty\.gradle\caches\modules-2\files-2.1\commons-io\commons-io\2.11.0\a2503f302b11ebde7ebc3df41daebe0e4eea3689\commons-io-2.11.0.jar
[Architectury Transformer DEBUG]  - C:\Users\matty\.gradle\caches\modules-2\files-2.1\org.antlr\ST4\4.3\92f2c1ad8d84abcbeead6cf7f2c53a04166293c2\ST4-4.3.jar
[Architectury Transformer DEBUG]  - C:\Users\matty\.gradle\caches\modules-2\files-2.1\org.antlr\antlr-runtime\3.5.2\cd9cd41361c155f3af0f653009dcecb08d8b4afd\antlr-runtime-3.5.2.jar
[Architectury Transformer DEBUG]  - C:\Users\matty\.gradle\caches\modules-2\files-2.1\org.abego.treelayout\org.abego.treelayout.core\1.0.3\457216e8e6578099ae63667bb1e4439235892028\org.abego.treelayout.core-1.0.3.jar
[Architectury Transformer DEBUG]  - C:\Users\matty\.gradle\caches\modules-2\files-2.1\org.glassfish\javax.json\1.0.4\3178f73569fd7a1e5ffc464e680f7a8cc784b85a\javax.json-1.0.4.jar
[Architectury Transformer DEBUG]  - C:\Users\matty\.gradle\caches\modules-2\files-2.1\com.ibm.icu\icu4j\70.1\dfa3a1fbc55bf5db8c6e79fc0935ac7ab1202950\icu4j-70.1.jar
[Architectury Transformer DEBUG]  - C:\Users\matty\.gradle\caches\modules-2\files-2.1\com.google.guava\failureaccess\1.0.1\1dcf1de382a0bf95a3d8b0849546c88bac1292c9\failureaccess-1.0.1.jar
[Architectury Transformer DEBUG]  - C:\Users\matty\.gradle\caches\modules-2\files-2.1\com.google.guava\listenablefuture\9999.0-empty-to-avoid-conflict-with-guava\b421526c5f297295adef1c886e5246c39d4ac629\listenablefuture-9999.0-empty-to-avoid-conflict-with-guava.jar
[Architectury Transformer DEBUG]  - C:\Users\matty\.gradle\caches\modules-2\files-2.1\org.checkerframework\checker-qual\3.12.0\d5692f0526415fcc6de94bb5bfbd3afd9dd3b3e5\checker-qual-3.12.0.jar
[Architectury Transformer DEBUG]  - C:\Users\matty\.gradle\caches\modules-2\files-2.1\com.google.errorprone\error_prone_annotations\2.7.1\458d9042f7aa6fa9a634df902b37f544e15aacac\error_prone_annotations-2.7.1.jar
[Architectury Transformer DEBUG]  - C:\Users\matty\.gradle\caches\modules-2\files-2.1\com.google.j2objc\j2objc-annotations\1.3\ba035118bc8bac37d7eff77700720999acd9986d\j2objc-annotations-1.3.jar
[Architectury Transformer DEBUG]  - C:\Users\matty\.gradle\caches\modules-2\files-2.1\dev.architectury\architectury-loom-runtime\1.1.8\bf2a4a84e0479a0ab3bb8bfbd906c3737ceb1207\architectury-loom-runtime-1.1.8.jar
[Architectury Transformer DEBUG]  - C:\Users\matty\.gradle\caches\modules-2\files-2.1\com.mojang\blocklist\1.0.10\5c685c5ffa94c4cd39496c7184c1d122e515ecef\blocklist-1.0.10.jar
[Architectury Transformer DEBUG]  - C:\Users\matty\.gradle\caches\modules-2\files-2.1\com.mojang\patchy\2.2.10\da05971b07cbb379d002cf7eaec6a2048211fefc\patchy-2.2.10.jar
[Architectury Transformer DEBUG]  - C:\Users\matty\.gradle\caches\modules-2\files-2.1\com.github.oshi\oshi-core\5.8.5\1d0ec654d820741327f5a9229d513732a4b7ce50\oshi-core-5.8.5.jar
[Architectury Transformer DEBUG]  - C:\Users\matty\.gradle\caches\modules-2\files-2.1\net.java.dev.jna\jna\5.10.0\7cf4c87dd802db50721db66947aa237d7ad09418\jna-5.10.0.jar
[Architectury Transformer DEBUG]  - C:\Users\matty\.gradle\caches\modules-2\files-2.1\net.java.dev.jna\jna-platform\5.10.0\fbed7d9669dba47714ad0d4f4454290a997aee69\jna-platform-5.10.0.jar
[Architectury Transformer DEBUG]  - C:\Users\matty\.gradle\caches\modules-2\files-2.1\com.mojang\javabridge\1.2.24\c876796229b2ef5120f186eab5acc870699d3b9\javabridge-1.2.24.jar
[Architectury Transformer DEBUG]  - C:\Users\matty\.gradle\caches\modules-2\files-2.1\io.netty\netty-common\4.1.77.Final\ea0fc20f4e6178966b9d62017b7fcb83dfe0e713\netty-common-4.1.77.Final.jar
[Architectury Transformer DEBUG]  - C:\Users\matty\.gradle\caches\modules-2\files-2.1\io.netty\netty-buffer\4.1.77.Final\d97571f99e5e739d86824d0df99f35d295276b5f\netty-buffer-4.1.77.Final.jar
[Architectury Transformer DEBUG]  - C:\Users\matty\.gradle\caches\modules-2\files-2.1\io.netty\netty-codec\4.1.77.Final\4efc5f59335301d6ba0d7cd31dd10651119b03c8\netty-codec-4.1.77.Final.jar
[Architectury Transformer DEBUG]  - C:\Users\matty\.gradle\caches\modules-2\files-2.1\io.netty\netty-handler\4.1.77.Final\47a81089de03635a27f509f3e4e13386ae1db275\netty-handler-4.1.77.Final.jar
[Architectury Transformer DEBUG]  - C:\Users\matty\.gradle\caches\modules-2\files-2.1\io.netty\netty-resolver\4.1.77.Final\4a239dbf8d8bb5f98aa51462c35011c0516395fd\netty-resolver-4.1.77.Final.jar
[Architectury Transformer DEBUG]  - C:\Users\matty\.gradle\caches\modules-2\files-2.1\io.netty\netty-transport\4.1.77.Final\2a3373bbd20d520c821f210bd5ee886788512043\netty-transport-4.1.77.Final.jar
[Architectury Transformer DEBUG]  - C:\Users\matty\.gradle\caches\modules-2\files-2.1\io.netty\netty-transport-native-unix-common\4.1.77.Final\c95d53486414b3270d08057957c5da8e0c37e4eb\netty-transport-native-unix-common-4.1.77.Final.jar
[Architectury Transformer DEBUG]  - C:\Users\matty\.gradle\caches\modules-2\files-2.1\io.netty\netty-transport-classes-epoll\4.1.77.Final\dd70dbccbcf98382223a59044f3c08d8e9920cad\netty-transport-classes-epoll-4.1.77.Final.jar
[Architectury Transformer DEBUG]  - C:\Users\matty\.gradle\caches\modules-2\files-2.1\commons-codec\commons-codec\1.15\49d94806b6e3dc933dacbd8acb0fdbab8ebd1e5d\commons-codec-1.15.jar
[Architectury Transformer DEBUG]  - C:\Users\matty\.gradle\caches\modules-2\files-2.1\com.mojang\brigadier\1.0.18\c1ef1234282716483c92183f49bef47b1a89bfa9\brigadier-1.0.18.jar
[Architectury Transformer DEBUG]  - C:\Users\matty\.gradle\caches\modules-2\files-2.1\com.mojang\datafixerupper\5.0.28\e2157e236e529aff80a5fc3ccb506e56d46b130b\datafixerupper-5.0.28.jar
[Architectury Transformer DEBUG]  - C:\Users\matty\.gradle\caches\modules-2\files-2.1\com.mojang\authlib\3.11.49\2e3055ec2a017c7f94b79744b4a68b65695a118c\authlib-3.11.49.jar
[Architectury Transformer DEBUG]  - C:\Users\matty\.gradle\caches\modules-2\files-2.1\org.apache.commons\commons-compress\1.21\4ec95b60d4e86b5c95a0e919cb172a0af98011ef\commons-compress-1.21.jar
[Architectury Transformer DEBUG]  - C:\Users\matty\.gradle\caches\modules-2\files-2.1\org.apache.httpcomponents\httpclient\4.5.13\e5f6cae5ca7ecaac1ec2827a9e2d65ae2869cada\httpclient-4.5.13.jar
[Architectury Transformer DEBUG]  - C:\Users\matty\.gradle\caches\modules-2\files-2.1\commons-logging\commons-logging\1.2\4bfc12adfe4842bf07b657f0369c4cb522955686\commons-logging-1.2.jar
[Architectury Transformer DEBUG]  - C:\Users\matty\.gradle\caches\modules-2\files-2.1\org.apache.httpcomponents\httpcore\4.4.14\9dd1a631c082d92ecd4bd8fd4cf55026c720a8c1\httpcore-4.4.14.jar
[Architectury Transformer DEBUG]  - C:\Users\matty\.gradle\caches\modules-2\files-2.1\it.unimi.dsi\fastutil\8.5.6\76f95700418a68fbc4ac050525261f05dc681ca1\fastutil-8.5.6.jar
[Architectury Transformer DEBUG]  - C:\Users\matty\.gradle\caches\modules-2\files-2.1\org.lwjgl\lwjgl\3.3.1\ae58664f88e18a9bb2c77b063833ca7aaec484cb\lwjgl-3.3.1.jar
[Architectury Transformer DEBUG]  - C:\Users\matty\.gradle\caches\modules-2\files-2.1\org.lwjgl\lwjgl\3.3.1\36c37f16ab611b3aa11f3bcf80b1d509b4ce6b\lwjgl-3.3.1-natives-windows.jar
[Architectury Transformer DEBUG]  - C:\Users\matty\.gradle\caches\modules-2\files-2.1\org.lwjgl\lwjgl\3.3.1\3b14f4beae9dd39791ec9e12190a9380cd8a3ce6\lwjgl-3.3.1-natives-windows-x86.jar
[Architectury Transformer DEBUG]  - C:\Users\matty\.gradle\caches\modules-2\files-2.1\org.lwjgl\lwjgl\3.3.1\f46cadcf95675908fd3a550d63d9d709cb68998\lwjgl-3.3.1-natives-windows-arm64.jar
[Architectury Transformer DEBUG]  - C:\Users\matty\.gradle\caches\modules-2\files-2.1\org.lwjgl\lwjgl-jemalloc\3.3.1\a817bcf213db49f710603677457567c37d53e103\lwjgl-jemalloc-3.3.1.jar
[Architectury Transformer DEBUG]  - C:\Users\matty\.gradle\caches\modules-2\files-2.1\org.lwjgl\lwjgl-jemalloc\3.3.1\948a89b76a16aa324b046ae9308891216ffce5f9\lwjgl-jemalloc-3.3.1-natives-windows.jar
[Architectury Transformer DEBUG]  - C:\Users\matty\.gradle\caches\modules-2\files-2.1\org.lwjgl\lwjgl-jemalloc\3.3.1\fb476c8ec110e1c137ad3ce8a7f7bfe6b11c6324\lwjgl-jemalloc-3.3.1-natives-windows-x86.jar
[Architectury Transformer DEBUG]  - C:\Users\matty\.gradle\caches\modules-2\files-2.1\org.lwjgl\lwjgl-jemalloc\3.3.1\cae85c4edb219c88b6a0c26a87955ad98dc9519d\lwjgl-jemalloc-3.3.1-natives-windows-arm64.jar
[Architectury Transformer DEBUG]  - C:\Users\matty\.gradle\caches\modules-2\files-2.1\org.lwjgl\lwjgl-openal\3.3.1\2623a6b8ae1dfcd880738656a9f0243d2e6840bd\lwjgl-openal-3.3.1.jar
[Architectury Transformer DEBUG]  - C:\Users\matty\.gradle\caches\modules-2\files-2.1\org.lwjgl\lwjgl-openal\3.3.1\30a474d0e57193d7bc128849a3ab66bc9316fdb1\lwjgl-openal-3.3.1-natives-windows.jar
[Architectury Transformer DEBUG]  - C:\Users\matty\.gradle\caches\modules-2\files-2.1\org.lwjgl\lwjgl-openal\3.3.1\888349f7b1be6fbae58bf8edfb9ef12def04c4e3\lwjgl-openal-3.3.1-natives-windows-x86.jar
[Architectury Transformer DEBUG]  - C:\Users\matty\.gradle\caches\modules-2\files-2.1\org.lwjgl\lwjgl-openal\3.3.1\40d65f1a7368a2aa47336f9cb69f5a190cf9975a\lwjgl-openal-3.3.1-natives-windows-arm64.jar
[Architectury Transformer DEBUG]  - C:\Users\matty\.gradle\caches\modules-2\files-2.1\org.lwjgl\lwjgl-opengl\3.3.1\831a5533a21a5f4f81bbc51bb13e9899319b5411\lwjgl-opengl-3.3.1.jar
[Architectury Transformer DEBUG]  - C:\Users\matty\.gradle\caches\modules-2\files-2.1\org.lwjgl\lwjgl-opengl\3.3.1\c1807e9bd571402787d7e37e3029776ae2513bb8\lwjgl-opengl-3.3.1-natives-windows.jar
[Architectury Transformer DEBUG]  - C:\Users\matty\.gradle\caches\modules-2\files-2.1\org.lwjgl\lwjgl-opengl\3.3.1\deef3eb9b178ff2ff3ce893cc72ae741c3a17974\lwjgl-opengl-3.3.1-natives-windows-x86.jar
[Architectury Transformer DEBUG]  - C:\Users\matty\.gradle\caches\modules-2\files-2.1\org.lwjgl\lwjgl-opengl\3.3.1\527d78f1e9056aff3ed02ce93019c73c5e8f1721\lwjgl-opengl-3.3.1-natives-windows-arm64.jar
[Architectury Transformer DEBUG]  - C:\Users\matty\.gradle\caches\modules-2\files-2.1\org.lwjgl\lwjgl-glfw\3.3.1\cbac1b8d30cb4795149c1ef540f912671a8616d0\lwjgl-glfw-3.3.1.jar
[Architectury Transformer DEBUG]  - C:\Users\matty\.gradle\caches\modules-2\files-2.1\org.lwjgl\lwjgl-glfw\3.3.1\ed892f945cf7e79c8756796f32d00fa4ceaf573b\lwjgl-glfw-3.3.1-natives-windows.jar
[Architectury Transformer DEBUG]  - C:\Users\matty\.gradle\caches\modules-2\files-2.1\org.lwjgl\lwjgl-glfw\3.3.1\b997e3391d6ce8f05487e7335d95c606043884a1\lwjgl-glfw-3.3.1-natives-windows-x86.jar
[Architectury Transformer DEBUG]  - C:\Users\matty\.gradle\caches\modules-2\files-2.1\org.lwjgl\lwjgl-glfw\3.3.1\beda65ee503443e60aa196d58ed31f8d001dc22a\lwjgl-glfw-3.3.1-natives-windows-arm64.jar
[Architectury Transformer DEBUG]  - C:\Users\matty\.gradle\caches\modules-2\files-2.1\org.lwjgl\lwjgl-stb\3.3.1\b119297cf8ed01f247abe8685857f8e7fcf5980f\lwjgl-stb-3.3.1.jar
[Architectury Transformer DEBUG]  - C:\Users\matty\.gradle\caches\modules-2\files-2.1\org.lwjgl\lwjgl-stb\3.3.1\86315914ac119efdb02dc9e8e978ade84f1702af\lwjgl-stb-3.3.1-natives-windows.jar
[Architectury Transformer DEBUG]  - C:\Users\matty\.gradle\caches\modules-2\files-2.1\org.lwjgl\lwjgl-stb\3.3.1\a8d41f419eecb430b7c91ea2ce2c5c451cae2091\lwjgl-stb-3.3.1-natives-windows-x86.jar
[Architectury Transformer DEBUG]  - C:\Users\matty\.gradle\caches\modules-2\files-2.1\org.lwjgl\lwjgl-stb\3.3.1\fde63cdd2605c00636721a6c8b961e41d1f6b247\lwjgl-stb-3.3.1-natives-windows-arm64.jar
[Architectury Transformer DEBUG]  - C:\Users\matty\.gradle\caches\modules-2\files-2.1\org.lwjgl\lwjgl-tinyfd\3.3.1\ff1914111ef2e3e0110ef2dabc8d8cdaad82347\lwjgl-tinyfd-3.3.1.jar
[Architectury Transformer DEBUG]  - C:\Users\matty\.gradle\caches\modules-2\files-2.1\org.lwjgl\lwjgl-tinyfd\3.3.1\a5d830475ec0958d9fdba1559efa99aef211e6ff\lwjgl-tinyfd-3.3.1-natives-windows.jar
[Architectury Transformer DEBUG]  - C:\Users\matty\.gradle\caches\modules-2\files-2.1\org.lwjgl\lwjgl-tinyfd\3.3.1\842eedd876fae354abc308c98a263f6bbc9e8a4d\lwjgl-tinyfd-3.3.1-natives-windows-x86.jar
[Architectury Transformer DEBUG]  - C:\Users\matty\.gradle\caches\modules-2\files-2.1\org.lwjgl\lwjgl-tinyfd\3.3.1\83a5e780df610829ff3a737822b4f931cffecd91\lwjgl-tinyfd-3.3.1-natives-windows-arm64.jar
[Architectury Transformer DEBUG]  - C:\Users\matty\.gradle\caches\modules-2\files-2.1\com.mojang\text2speech\1.16.7\ee4095669061d1fe4bce5fea23d69d1520bc2d58\text2speech-1.16.7.jar
[Architectury Transformer DEBUG]  - C:\Users\matty\.gradle\caches\fabric-loom\minecraftMaven\net\minecraft\forge-1.19.2-43.3.5-minecraft-merged\1.19.2-loom.mappings.1_19_2.layered+hash.40359-v2-forge-1.19.2-43.3.5\forge-1.19.2-43.3.5-minecraft-merged-1.19.2-loom.mappings.1_19_2.layered+hash.40359-v2-forge-1.19.2-43.3.5.jar
[Architectury Transformer DEBUG]  - C:\Users\matty\.gradle\caches\modules-2\files-2.1\io.netty\netty-transport-native-epoll\4.1.77.Final\8d10e9e138dac52172dd83229bdc89197100c723\netty-transport-native-epoll-4.1.77.Final-linux-x86_64.jar
[Architectury Transformer DEBUG]  - C:\Users\matty\.gradle\caches\modules-2\files-2.1\io.netty\netty-transport-native-epoll\4.1.77.Final\5f051599ced83e119ddeda891f471c0613721e5c\netty-transport-native-epoll-4.1.77.Final-linux-aarch_64.jar
[Architectury Transformer DEBUG]  - C:\Users\matty\IdeaProjects\colorful-diamonds-mod\.gradle\loom-cache\remapped_mods\loom_mappings_1_19_2_layered_hash_40359_v2_forge_1_19_2_43_3_5_forge\dev\architectury\architectury-forge\6.5.85\architectury-forge-6.5.85.jar
[Architectury Transformer] Read classpath in 1.092 s
[Architectury Transformer DEBUG] Closed File Systems for C:\Users\matty\IdeaProjects\colorful-diamonds-mod\common\build\devlibs\colorful-diamonds-mod-1.0.0+1.19.2-dev.jar
[Architectury Transformer DEBUG] Transforming 8 transformer(s) from C:\Users\matty\IdeaProjects\colorful-diamonds-mod\common\build\devlibs\colorful-diamonds-mod-1.0.0+1.19.2-dev.jar to C:\Users\matty\AppData\Local\Temp\5729708626972752938.jar: 
[Architectury Transformer DEBUG]  - dev.architectury.transformer.transformers.RuntimeMixinRefmapDetector@604c5de8
[Architectury Transformer DEBUG]  - dev.architectury.transformer.transformers.TransformExpectPlatform@37091312
[Architectury Transformer DEBUG]  - dev.architectury.transformer.transformers.RemapInjectables@66fdec9
[Architectury Transformer DEBUG]  - dev.architectury.transformer.transformers.TransformPlatformOnly@57abad67
[Architectury Transformer DEBUG]  - dev.architectury.transformer.transformers.TransformForgeAnnotations@550a1967
[Architectury Transformer DEBUG]  - dev.architectury.transformer.transformers.TransformForgeEnvironment@2a640157
[Architectury Transformer DEBUG]  - dev.architectury.transformer.transformers.GenerateFakeForgeMod@52851b44
[Architectury Transformer DEBUG]  - dev.architectury.transformer.transformers.FixForgeMixin@584f54e6
[Architectury Transformer DEBUG] Transforming from C:\Users\matty\IdeaProjects\colorful-diamonds-mod\common\build\devlibs\colorful-diamonds-mod-1.0.0+1.19.2-dev.jar to C:\Users\matty\AppData\Local\Temp\5729708626972752938.jar with 8 transformer(s) on dev.architectury.transformer.handler.SimpleTransformerHandler
[Architectury Transformer DEBUG] Remapping with 1 mapping provider(s):
[Architectury Transformer DEBUG]  - dev.architectury.transformer.transformers.TransformForgeEnvironment$$Lambda$142/0x00000008010cd028@68ead359
[Architectury Transformer DEBUG] Remapping Classes:
[Architectury Transformer DEBUG] net/fabricmc/api/EnvType -> net/minecraftforge/api/distmarker/Dist
[Architectury Transformer DEBUG] net/fabricmc/api/Environment -> net/minecraftforge/api/distmarker/OnlyIn
[Architectury Transformer DEBUG] Found class transformer
[Architectury Transformer DEBUG] Writing com/github/mystery2099/colorfuldiamondsmod/ModBlocks with maxs=true frames=true
[Architectury Transformer DEBUG] Writing com/github/mystery2099/colorfuldiamondsmod/ModItems with maxs=true frames=true
[Architectury Transformer DEBUG] Writing com/github/mystery2099/colorfuldiamondsmod/ColorfulDiamondsMod with maxs=true frames=true
[Architectury Transformer DEBUG] Remapping refmap from intermediary to srg: colorful-diamonds-mod-forge-refmap.json
[Architectury Transformer DEBUG] Closed File Systems for C:\Users\matty\AppData\Local\Temp\5729708626972752938.jar
[Architectury Transformer] Listening at C:\Users\matty\IdeaProjects\colorful-diamonds-mod\common\build\devlibs\colorful-diamonds-mod-1.0.0+1.19.2-dev.jar
[Architectury Transformer DEBUG] Transforming from com/github/mystery2099/colorfuldiamondsmod/ColorfulDiamondsMod.class to com/github/mystery2099/colorfuldiamondsmod/ColorfulDiamondsMod.class with 8 transformer(s) on dev.architectury.transformer.handler.TinyRemapperPreparedTransformerHandler
[Architectury Transformer DEBUG] Remapping with 1 mapping provider(s):
[Architectury Transformer DEBUG]  - dev.architectury.transformer.transformers.TransformForgeEnvironment$$Lambda$142/0x00000008010cd028@68ead359
[Architectury Transformer DEBUG] Remapping with Dirty Mappings...
[Architectury Transformer DEBUG] Remapping Classes:
[Architectury Transformer DEBUG] net/fabricmc/api/EnvType -> net/minecraftforge/api/distmarker/Dist
[Architectury Transformer DEBUG] net/fabricmc/api/Environment -> net/minecraftforge/api/distmarker/OnlyIn
[Architectury Transformer DEBUG] Found class transformer
[Architectury Transformer DEBUG] Writing com/github/mystery2099/colorfuldiamondsmod/ColorfulDiamondsMod with maxs=true frames=true
[Architectury Transformer DEBUG] Remapping refmap from intermediary to srg: colorful-diamonds-mod-forge-refmap.json
[Architectury Transformer DEBUG] Transformed com/github/mystery2099/colorfuldiamondsmod/ColorfulDiamondsMod in 66.47 ms
[Architectury Transformer DEBUG] Transforming from com/github/mystery2099/colorfuldiamondsmod/ModBlocks.class to com/github/mystery2099/colorfuldiamondsmod/ModBlocks.class with 8 transformer(s) on dev.architectury.transformer.handler.TinyRemapperPreparedTransformerHandler
[Architectury Transformer DEBUG] Remapping with 1 mapping provider(s):
[Architectury Transformer DEBUG]  - dev.architectury.transformer.transformers.TransformForgeEnvironment$$Lambda$142/0x00000008010cd028@68ead359
[Architectury Transformer DEBUG] Remapping Classes:
[Architectury Transformer DEBUG] net/fabricmc/api/EnvType -> net/minecraftforge/api/distmarker/Dist
[Architectury Transformer DEBUG] net/fabricmc/api/Environment -> net/minecraftforge/api/distmarker/OnlyIn
[Architectury Transformer DEBUG] Found class transformer
[Architectury Transformer DEBUG] Writing com/github/mystery2099/colorfuldiamondsmod/ModBlocks with maxs=true frames=true
[Architectury Transformer DEBUG] Remapping refmap from intermediary to srg: colorful-diamonds-mod-forge-refmap.json
[Architectury Transformer DEBUG] Transformed com/github/mystery2099/colorfuldiamondsmod/ModBlocks in 9.903 ms
[Architectury Transformer DEBUG] Transforming from com/github/mystery2099/colorfuldiamondsmod/ModItems.class to com/github/mystery2099/colorfuldiamondsmod/ModItems.class with 8 transformer(s) on dev.architectury.transformer.handler.TinyRemapperPreparedTransformerHandler
[Architectury Transformer DEBUG] Remapping with 1 mapping provider(s):
[Architectury Transformer DEBUG]  - dev.architectury.transformer.transformers.TransformForgeEnvironment$$Lambda$142/0x00000008010cd028@68ead359
[Architectury Transformer DEBUG] Remapping Classes:
[Architectury Transformer DEBUG] net/fabricmc/api/EnvType -> net/minecraftforge/api/distmarker/Dist
[Architectury Transformer DEBUG] net/fabricmc/api/Environment -> net/minecraftforge/api/distmarker/OnlyIn
[Architectury Transformer DEBUG] Found class transformer
[Architectury Transformer DEBUG] Writing com/github/mystery2099/colorfuldiamondsmod/ModItems with maxs=true frames=true
[Architectury Transformer DEBUG] Remapping refmap from intermediary to srg: colorful-diamonds-mod-forge-refmap.json
[Architectury Transformer DEBUG] Transformed com/github/mystery2099/colorfuldiamondsmod/ModItems in 7.831 ms
[Architectury Transformer DEBUG] Closed File Systems for C:\Users\matty\IdeaProjects\colorful-diamonds-mod\common\build\devlibs\colorful-diamonds-mod-1.0.0+1.19.2-dev.jar
[Architectury Transformer] Detected File Modification at colorful-diamonds-mod-1.0.0+1.19.2-dev.jar
[Architectury Transformer DEBUG] Transforming 8 transformer(s) from C:\Users\matty\IdeaProjects\colorful-diamonds-mod\common\build\devlibs\colorful-diamonds-mod-1.0.0+1.19.2-dev.jar to C:\Users\matty\AppData\Local\Temp\5729708626972752938.jar: 
[Architectury Transformer DEBUG]  - dev.architectury.transformer.transformers.RuntimeMixinRefmapDetector@604c5de8
[Architectury Transformer DEBUG]  - dev.architectury.transformer.transformers.TransformExpectPlatform@37091312
[Architectury Transformer DEBUG]  - dev.architectury.transformer.transformers.RemapInjectables@66fdec9
[Architectury Transformer DEBUG]  - dev.architectury.transformer.transformers.TransformPlatformOnly@57abad67
[Architectury Transformer DEBUG]  - dev.architectury.transformer.transformers.TransformForgeAnnotations@550a1967
[Architectury Transformer DEBUG]  - dev.architectury.transformer.transformers.TransformForgeEnvironment@2a640157
[Architectury Transformer DEBUG]  - dev.architectury.transformer.transformers.GenerateFakeForgeMod@52851b44
[Architectury Transformer DEBUG]  - dev.architectury.transformer.transformers.FixForgeMixin@584f54e6
[Architectury Transformer DEBUG] Transforming from C:\Users\matty\IdeaProjects\colorful-diamonds-mod\common\build\devlibs\colorful-diamonds-mod-1.0.0+1.19.2-dev.jar to C:\Users\matty\AppData\Local\Temp\5729708626972752938.jar with 8 transformer(s) on dev.architectury.transformer.handler.SimpleTransformerHandler
[Architectury Transformer DEBUG] Remapping with 1 mapping provider(s):
[Architectury Transformer DEBUG]  - dev.architectury.transformer.transformers.TransformForgeEnvironment$$Lambda$142/0x00000008010cd028@68ead359
[Architectury Transformer DEBUG] Remapping Classes:
[Architectury Transformer DEBUG] net/fabricmc/api/EnvType -> net/minecraftforge/api/distmarker/Dist
[Architectury Transformer DEBUG] net/fabricmc/api/Environment -> net/minecraftforge/api/distmarker/OnlyIn
[Architectury Transformer DEBUG] Found class transformer
[Architectury Transformer DEBUG] Writing generatedgenerated_c55bbc9/generated_c55bbc9 with maxs=true frames=true
[Architectury Transformer DEBUG] Writing architectury_inject_colorfuldiamondsmod_forge_928b9835cf2b4c44afd78dae7e5508ca_9e0a0b41cee58922eddad403ad5b8ae55cc0e533a66945de03fe3e3d1dbf63aacolorfuldiamondsmod1001192devjar/PlatformMethods with maxs=true frames=true
[Architectury Transformer DEBUG] Writing com/github/mystery2099/colorfuldiamondsmod/ModItems with maxs=true frames=true
[Architectury Transformer DEBUG] Writing com/github/mystery2099/colorfuldiamondsmod/ModBlocks with maxs=true frames=true
[Architectury Transformer DEBUG] Writing com/github/mystery2099/colorfuldiamondsmod/ColorfulDiamondsMod with maxs=true frames=true
[Architectury Transformer DEBUG] Injecting MixinConfigs into /META-INF/MANIFEST.MF
[Architectury Transformer DEBUG] Remapping refmap from intermediary to srg: colorful-diamonds-mod-forge-refmap.json
[Architectury Transformer DEBUG] Redefining com.github.mystery2099.colorfuldiamondsmod.ModBlocks
[Architectury Transformer DEBUG] Transforming from com/github/mystery2099/colorfuldiamondsmod/ModBlocks.class to com/github/mystery2099/colorfuldiamondsmod/ModBlocks.class with 8 transformer(s) on dev.architectury.transformer.handler.TinyRemapperPreparedTransformerHandler
[Architectury Transformer DEBUG] Remapping with 1 mapping provider(s):
[Architectury Transformer DEBUG]  - dev.architectury.transformer.transformers.TransformForgeEnvironment$$Lambda$142/0x00000008010cd028@68ead359
[Architectury Transformer DEBUG] Remapping Classes:
[Architectury Transformer DEBUG] net/fabricmc/api/EnvType -> net/minecraftforge/api/distmarker/Dist
[Architectury Transformer DEBUG] net/fabricmc/api/Environment -> net/minecraftforge/api/distmarker/OnlyIn
[Architectury Transformer DEBUG] Found class transformer
[Architectury Transformer DEBUG] Writing com/github/mystery2099/colorfuldiamondsmod/ModBlocks with maxs=true frames=true
[Architectury Transformer DEBUG] Remapping refmap from intermediary to srg: colorful-diamonds-mod-forge-refmap.json
[Architectury Transformer DEBUG] Transformed com/github/mystery2099/colorfuldiamondsmod/ModBlocks in 21.39 ms
[Architectury Transformer] Redefined 1 class(es) from C:\Users\matty\IdeaProjects\colorful-diamonds-mod\common\build\devlibs\colorful-diamonds-mod-1.0.0+1.19.2-dev.jar in 147.3 ms
[Architectury Transformer DEBUG] Closed File Systems for C:\Users\matty\IdeaProjects\colorful-diamonds-mod\common\build\devlibs\colorful-diamonds-mod-1.0.0+1.19.2-dev.jar
